{
    "pyromaths.ex.cinquiemes.aires.ExoAireDiques": {}, 
    "pyromaths.ex.cinquiemes.construction.ExoQuadrilatere": {}, 
    "pyromaths.ex.cinquiemes.construction.ExoTriangle": {}, 
    "pyromaths.ex.cinquiemes.fractions.FractionsEgales": {}, 
    "pyromaths.ex.cinquiemes.fractions.ProduitsFractions": {}, 
    "pyromaths.ex.cinquiemes.fractions.SommesFractions": {}, 
    "pyromaths.ex.cinquiemes.priorites.Main": {}, 
    "pyromaths.ex.cinquiemes.proportionnalite.ExoEchelles": {}, 
    "pyromaths.ex.cinquiemes.relatifs.Main": {}, 
    "pyromaths.ex.cinquiemes.reperage.Main": {}, 
    "pyromaths.ex.cinquiemes.statistiques.Statistiques": {}, 
    "pyromaths.ex.cinquiemes.symetrie.Main": {}, 
    "pyromaths.ex.lycee.CercleTrigo.CercleTrigonometrique": {}, 
    "pyromaths.ex.lycee.ExoPolynome.ExoFactorisationDegre2": {}, 
    "pyromaths.ex.lycee.ExoPolynome.ExoFactorisationDegre3": {}, 
    "pyromaths.ex.lycee.ExoPolynome.ExoRacinesDegre2": {}, 
    "pyromaths.ex.lycee.ExoPolynome.ExoTableauDeSigne": {}, 
    "pyromaths.ex.lycee.ExoPolynome.ExoVariation": {}, 
    "pyromaths.ex.lycee.ExoPolynome.ExoVariationLim": {}, 
    "pyromaths.ex.lycee.Vecteurs.VecteursAdd": {}, 
    "pyromaths.ex.quatriemes.calcul_mental.Main": {}, 
    "pyromaths.ex.quatriemes.fractions.SommesFractionsPositives": {}, 
    "pyromaths.ex.quatriemes.geometrie.ExoPythagore": {}, 
    "pyromaths.ex.quatriemes.geometrie.ExoReciproquePythagore": {}, 
    "pyromaths.ex.quatriemes.geometrie.ExoThales": {}, 
    "pyromaths.ex.quatriemes.geometrie.ExoTriangleCercle": {}, 
    "pyromaths.ex.quatriemes.geometrie.ExoTrigo": {}, 
    "pyromaths.ex.quatriemes.litteral.Distributivite": {}, 
    "pyromaths.ex.quatriemes.litteral.DoubleDistributivite": {}, 
    "pyromaths.ex.quatriemes.litteral.ExoComptable": {}, 
    "pyromaths.ex.quatriemes.litteral.Reduire": {}, 
    "pyromaths.ex.quatriemes.litteral.Soustraction": {}, 
    "pyromaths.ex.quatriemes.puissances.EcrSc": {}, 
    "pyromaths.ex.quatriemes.puissances.ExoPuissances": {}, 
    "pyromaths.ex.quatriemes.puissances.TexProprietes": {}, 
    "pyromaths.ex.quatriemes.puissances.TexProprietesNeg": {}, 
    "pyromaths.ex.sixiemes.aires.Main": {}, 
    "pyromaths.ex.sixiemes.angles.Mesureangles": {}, 
    "pyromaths.ex.sixiemes.decimaux.Classernombres": {
        "0": {
            "tex_answer": [
                "\\exercice*", 
                "\\begin{enumerate}", 
                "\\item Classer les nombres suivants dans l'ordre décroissant.\\par    ", 
                "8,7 \\kern1cm ; \\kern1cm 8,43 \\kern1cm ; \\kern1cm 3,4 \\kern1cm ; \\kern1cm 8,548\\par", 
                "8,7 \\kern1cm \\textgreater \\kern1cm 8,548 \\kern1cm \\textgreater \\kern1cm 8,43 \\kern1cm \\textgreater \\kern1cm 3,4", 
                "\\item Classer les nombres suivants dans l'ordre décroissant.\\par    ", 
                "7,39 \\kern1cm ; \\kern1cm 7,6 \\kern1cm ; \\kern1cm 7,989 \\kern1cm ; \\kern1cm 3,7\\par", 
                "7,989 \\kern1cm \\textgreater \\kern1cm 7,6 \\kern1cm \\textgreater \\kern1cm 7,39 \\kern1cm \\textgreater \\kern1cm 3,7", 
                "\\end{enumerate}"
            ], 
            "tex_statement": [
                "\\exercice", 
                "\\begin{enumerate}", 
                "\\item Classer les nombres suivants dans l'ordre décroissant.\\par    ", 
                "8,7 \\kern1cm ; \\kern1cm 8,43 \\kern1cm ; \\kern1cm 3,4 \\kern1cm ; \\kern1cm 8,548", 
                "\\item Classer les nombres suivants dans l'ordre décroissant.\\par    ", 
                "7,39 \\kern1cm ; \\kern1cm 7,6 \\kern1cm ; \\kern1cm 7,989 \\kern1cm ; \\kern1cm 3,7", 
                "\\end{enumerate}"
            ]
        }
    }, 
    "pyromaths.ex.sixiemes.decimaux.Decomposition": {
        "0": {
            "tex_answer": [
                "\\exercice*", 
                "Compléter avec un nombre décimal :", 
                "\\begin{multicols}{2}\\noindent", 
                "\\begin{enumerate}", 
                "\\item $7\\times \\cfrac{1}{100} + 3\\times 10 + 4\\times 1 = 34{,}07$", 
                "\\item $3\\times \\cfrac{1}{100} + 6\\times 10 + 5\\times \\cfrac{1}{1\\,000} = 60{,}035$", 
                "\\item $7\\times 100 + 3\\times \\cfrac{1}{10} + 9\\times \\cfrac{1}{1\\,000} = 700{,}309$", 
                "\\item $9\\times \\cfrac{1}{100} + 7\\times 100 + 7\\times \\cfrac{1}{1\\,000} = 700{,}097$", 
                "\\item $1\\times 1 + 6\\times 10 + 9\\times \\cfrac{1}{1\\,000} = 61{,}009$", 
                "\\item $8\\times 1 + 8\\times 100 + 1\\times \\cfrac{1}{10} = 808{,}1$", 
                "\\end{enumerate}", 
                "\\end{multicols}"
            ], 
            "tex_statement": [
                "\\exercice", 
                "Compléter avec un nombre décimal :", 
                "\\begin{multicols}{2}\\noindent", 
                "\\begin{enumerate}", 
                "\\item $7\\times \\cfrac{1}{100} + 3\\times 10 + 4\\times 1 = \\dotfill$", 
                "\\item $3\\times \\cfrac{1}{100} + 6\\times 10 + 5\\times \\cfrac{1}{1\\,000} = \\dotfill$", 
                "\\item $7\\times 100 + 3\\times \\cfrac{1}{10} + 9\\times \\cfrac{1}{1\\,000} = \\dotfill$", 
                "\\item $9\\times \\cfrac{1}{100} + 7\\times 100 + 7\\times \\cfrac{1}{1\\,000} = \\dotfill$", 
                "\\item $1\\times 1 + 6\\times 10 + 9\\times \\cfrac{1}{1\\,000} = \\dotfill$", 
                "\\item $8\\times 1 + 8\\times 100 + 1\\times \\cfrac{1}{10} = \\dotfill$", 
                "\\end{enumerate}", 
                "\\end{multicols}"
            ]
        }
    }, 
    "pyromaths.ex.sixiemes.decimaux.Ecrirenombrelettre": {
        "0": {
            "tex_answer": [
                "\\exercice*", 
                "\\begin{enumerate}", 
                "\\item Écrire en chiffres les nombres suivants.", 
                "\\begin{enumerate}", 
                "\\item sept-cent-cinquante-sept unités et quatre-vingt-quatre millièmes : ", 
                "757,084", 
                "\\item trois-cent-quatre-millions-vingt-cinq-mille-quatre-cent-vingt : ", 
                "304\\,025\\,420", 
                "\\item quatre-cent-quatre millièmes : ", 
                "0,404", 
                "\\item cinquante-et-une unités et un dixième : ", 
                "51,1", 
                "\\item deux-cent-cinquante-quatre unités et deux dixièmes : ", 
                "254,2", 
                "\\item cinq-cent-quatre-vingt-trois-millions-quatre-cent-quatre : ", 
                "583\\,000\\,404", 
                "\\item sept-cent-quatre-vingt-quatre-millions-sept-cent-cinquante-sept-mille-quatre-vingt-quatre : ", 
                "784\\,757\\,084", 
                "\\item quatre-cent-soixante-dix-sept-millions-cinq-cent-onze-mille : ", 
                "477\\,511\\,000", 
                "\\end{enumerate}", 
                "\\item Écrire en lettres les nombres suivants (sans utiliser le mot ``virgule\").", 
                "\\begin{enumerate}", 
                "\\item 10,472 : ", 
                "dix unités et quatre-cent-soixante-douze millièmes", 
                "\\item 477\\,434\\,000 : ", 
                "quatre-cent-soixante-dix-sept-millions-quatre-cent-trente-quatre-mille", 
                "\\item 4,34 : ", 
                "quatre unités et trente-quatre centièmes", 
                "\\item 68\\,308,9 : ", 
                "soixante-huit-mille-trois-cent-huit unités et neuf dixièmes", 
                "\\item 913\\,683\\,089 : ", 
                "neuf-cent-treize-millions-six-cent-quatre-vingt-trois-mille-quatre-vingt-neuf", 
                "\\item 865\\,000\\,610 : ", 
                "huit-cent-soixante-cinq-millions-six-cent-dix", 
                "\\item 61 : ", 
                "soixante-et-un", 
                "\\item 966\\,010\\,472 : ", 
                "neuf-cent-soixante-six-millions-dix-mille-quatre-cent-soixante-douze", 
                "\\end{enumerate}", 
                "\\end{enumerate}"
            ], 
            "tex_statement": [
                "\\exercice", 
                "\\begin{enumerate}", 
                "\\item Écrire en chiffres les nombres suivants.", 
                "\\begin{enumerate}", 
                "\\item sept-cent-cinquante-sept unités et quatre-vingt-quatre millièmes : \\dotfill", 
                "\\item trois-cent-quatre-millions-vingt-cinq-mille-quatre-cent-vingt : \\dotfill", 
                "\\item quatre-cent-quatre millièmes : \\dotfill", 
                "\\item cinquante-et-une unités et un dixième : \\dotfill", 
                "\\item deux-cent-cinquante-quatre unités et deux dixièmes : \\dotfill", 
                "\\item cinq-cent-quatre-vingt-trois-millions-quatre-cent-quatre : \\dotfill", 
                "\\item sept-cent-quatre-vingt-quatre-millions-sept-cent-cinquante-sept-mille-quatre-vingt-quatre : \\dotfill", 
                "\\item quatre-cent-soixante-dix-sept-millions-cinq-cent-onze-mille : \\dotfill", 
                "\\end{enumerate}", 
                "\\item Écrire en lettres les nombres suivants (sans utiliser le mot ``virgule\").", 
                "\\begin{enumerate}", 
                "\\item 10,472 : \\dotfill", 
                "\\item 477\\,434\\,000 : \\dotfill", 
                "\\item 4,34 : \\dotfill", 
                "\\item 68\\,308,9 : \\dotfill", 
                "\\item 913\\,683\\,089 : \\dotfill", 
                "\\item 865\\,000\\,610 : \\dotfill", 
                "\\item 61 : \\dotfill", 
                "\\item 966\\,010\\,472 : \\dotfill", 
                "\\end{enumerate}", 
                "\\end{enumerate}"
            ]
        }
    }, 
    "pyromaths.ex.sixiemes.decimaux.Ecriturefractionnaire": {
        "0": {
            "tex_answer": [
                "\\exercice*", 
                "Compléter :", 
                "\\begin{multicols}{3}\\noindent", 
                "\\begin{enumerate}", 
                "\\item $\\cfrac{8\\,445}{\\mathbf{1\\,000}}=8{,}445$", 
                "\\item $\\cfrac{5\\,118}{100}=\\mathbf{51{,}18}$", 
                "\\item $\\cfrac{47\\,710}{1\\,000}=\\mathbf{47{,}71}$", 
                "\\item $\\cfrac{2\\,826}{\\mathbf{1\\,000}}=2{,}826$", 
                "\\item $\\cfrac{90\\,980}{10\\,000}=\\mathbf{9{,}098}$", 
                "\\item $\\cfrac{31\\,090}{10\\,000}=\\mathbf{3{,}109}$", 
                "\\end{enumerate}", 
                "\\end{multicols}"
            ], 
            "tex_statement": [
                "\\exercice", 
                "Compléter :", 
                "\\begin{multicols}{3}\\noindent", 
                "\\begin{enumerate}", 
                "\\item $\\cfrac{8\\,445}{\\ldots}=8{,}445$", 
                "\\item $\\cfrac{5\\,118}{100}=\\ldots$", 
                "\\item $\\cfrac{47\\,710}{1\\,000}=\\ldots$", 
                "\\item $\\cfrac{2\\,826}{\\ldots}=2{,}826$", 
                "\\item $\\cfrac{90\\,980}{10\\,000}=\\ldots$", 
                "\\item $\\cfrac{31\\,090}{10\\,000}=\\ldots$", 
                "\\end{enumerate}", 
                "\\end{multicols}"
            ]
        }
    }, 
    "pyromaths.ex.sixiemes.decimaux.ExoConversion2D": {
        "0": {
            "tex_answer": [
                "\\exercice*", 
                "{", 
                "\\psset{nodesepA = -1.5mm, linewidth = 0.6pt, linestyle = dotted, vref = -0.8mm}", 
                "\\def\\virgule{\\textcolor{red}{ \\LARGE ,}}", 
                "Effectuer les conversions suivantes :", 
                "\\begin{multicols}{2}\\noindent", 
                "\\begin{enumerate}", 
                "\\item $\\unit[86]{dam^2}=\\unit[0,86]{hm^2}$\\vspace{1ex}\\par", 
                "\\item $\\unit[5,6]{dm^2}=\\unit[0,000\\,56]{dam^2}$\\vspace{1ex}\\par", 
                "\\item $\\unit[52,9]{cm^2}=\\unit[0,005\\,29]{m^2}$\\vspace{1ex}\\par", 
                "\\item $\\unit[35,4]{m^2}=\\unit[0,003\\,54]{hm^2}$\\vspace{1ex}\\par", 
                "\\item $\\unit[91,8]{dm^2}=\\unit[918\\,000]{mm^2}$\\vspace{1ex}\\par", 
                "\\item $\\unit[37,9]{cm^2}=\\unit[0,379]{dm^2}$\\vspace{1ex}\\par", 
                "\\end{enumerate}", 
                "\\end{multicols}", 
                "\\begin{tabular}{*{13}{p{3.5mm}|}p{3.5mm}}", 
                " \\multicolumn{2}{c|}{$\\rm km^2$} & \\multicolumn{2}{c|}{$\\rm hm^2$} & \\multicolumn{2}{c|}{$\\rm dam^2$} & \\multicolumn{2}{c|}{$\\rm m^2$} & \\multicolumn{2}{c|}{$\\rm dm^2$} & \\multicolumn{2}{c|}{$\\rm cm^2$} &\\multicolumn{2}{c}{$\\rm mm^2$}\\\\ \\hline", 
                " & & & {\\textcolor{red}{0}\\Rnode{virg1}{\\virgule}}& \\textcolor{blue}{8}& \\textcolor{blue}{6}\\Rnode{virg0}{\\ }& & & & & & & & ", 
                "\\ncline{->}{virg0}{virg1} \\\\", 
                " & & & & & {\\textcolor{red}{0}\\Rnode{virg1}{\\virgule}}& \\textcolor{red}{0}& \\textcolor{red}{0}& \\textcolor{red}{0}& \\textcolor{blue}{5}\\Rnode{virg0}{\\ }& \\textcolor{blue}{6}& & & ", 
                "\\ncline{->}{virg0}{virg1} \\\\", 
                " & & & & & & & {\\textcolor{red}{0}\\Rnode{virg1}{\\virgule}}& \\textcolor{red}{0}& \\textcolor{red}{0}& \\textcolor{blue}{5}& \\textcolor{blue}{2}\\Rnode{virg0}{\\ }& \\textcolor{blue}{9}& ", 
                "\\ncline{->}{virg0}{virg1} \\\\", 
                " & & & {\\textcolor{red}{0}\\Rnode{virg1}{\\virgule}}& \\textcolor{red}{0}& \\textcolor{red}{0}& \\textcolor{blue}{3}& \\textcolor{blue}{5}\\Rnode{virg0}{\\ }& \\textcolor{blue}{4}& & & & & ", 
                "\\ncline{->}{virg0}{virg1} \\\\", 
                " & & & & & & & & \\textcolor{blue}{9}& \\textcolor{blue}{1}\\Rnode{virg0}{\\ }& \\textcolor{blue}{8}& \\textcolor{red}{0}& \\textcolor{red}{0}& {\\textcolor{red}{0}\\Rnode{virg1}{\\virgule}}", 
                "\\ncline{->}{virg0}{virg1} \\\\", 
                " & & & & & & & & & {\\textcolor{red}{0}\\Rnode{virg1}{\\virgule}}& \\textcolor{blue}{3}& \\textcolor{blue}{7}\\Rnode{virg0}{\\ }& \\textcolor{blue}{9}& ", 
                "\\ncline{->}{virg0}{virg1} \\\\", 
                "\\end{tabular}", 
                "}"
            ], 
            "tex_statement": [
                "\\exercice", 
                "Effectuer les conversions suivantes :", 
                "\\begin{multicols}{3}\\noindent", 
                "\\begin{enumerate}", 
                "\\item $\\unit[86]{dam^2}=\\unit[\\dotfill]{hm^2}$", 
                "\\item $\\unit[5,6]{dm^2}=\\unit[\\dotfill]{dam^2}$", 
                "\\item $\\unit[52,9]{cm^2}=\\unit[\\dotfill]{m^2}$", 
                "\\item $\\unit[35,4]{m^2}=\\unit[\\dotfill]{hm^2}$", 
                "\\item $\\unit[91,8]{dm^2}=\\unit[\\dotfill]{mm^2}$", 
                "\\item $\\unit[37,9]{cm^2}=\\unit[\\dotfill]{dm^2}$", 
                "\\end{enumerate}", 
                "\\end{multicols}"
            ]
        }
    }, 
    "pyromaths.ex.sixiemes.decimaux.ExoConversion3D": {
        "0": {
            "tex_answer": [
                "\\exercice*", 
                "{", 
                "\\psset{nodesepA = -1.5mm, linewidth = 0.6pt, linestyle = dotted, vref = -0.8mm}", 
                "\\def\\virgule{\\textcolor{red}{ \\LARGE ,}}", 
                "Effectuer les conversions suivantes :", 
                "\\begin{multicols}{2}\\noindent", 
                "\\begin{enumerate}", 
                "\\item $\\unit[86]{dam^3}=\\unit[0,086]{hm^3}$\\vspace{1ex}\\par", 
                "\\item $\\unit[5,6]{dm^3}=\\unit[0,000\\,005\\,6]{dam^3}$\\vspace{1ex}\\par", 
                "\\item $\\unit[52,9]{cm^3}=\\unit[0,000\\,052\\,9]{m^3}$\\vspace{1ex}\\par", 
                "\\item $\\unit[35,4]{m^3}=\\unit[0,000\\,035\\,4]{hm^3}$\\vspace{1ex}\\par", 
                "\\item $\\unit[91,8]{dm^3}=\\unit[91\\,800\\,000]{mm^3}$\\vspace{1ex}\\par", 
                "\\item $\\unit[37,9]{cm^3}=\\unit[0,037\\,9]{dm^3}$\\vspace{1ex}\\par", 
                "\\end{enumerate}", 
                "\\end{multicols}", 
                "\\begin{tabular}{*{20}{p{3.5mm}|}p{3.5mm}}", 
                " \\multicolumn{3}{c|}{$\\rm km^3$} & \\multicolumn{3}{c|}{$\\rm hm^3$} & \\multicolumn{3}{c|}{$\\rm dam^3$} & \\multicolumn{3}{c|}{$\\rm m^3$} & \\multicolumn{3}{c|}{$\\rm dm^3$} & \\multicolumn{3}{c|}{$\\rm cm^3$} &\\multicolumn{3}{c}{$\\rm mm^3$}\\\\ \\hline", 
                " & & & & & {\\textcolor{red}{0}\\Rnode{virg1}{\\virgule}}& \\textcolor{red}{0}& \\textcolor{blue}{8}& \\textcolor{blue}{6}\\Rnode{virg0}{\\ }& & & & & & & & & & & & ", 
                "\\ncline{->}{virg0}{virg1} \\\\", 
                " & & & & & & & & {\\textcolor{red}{0}\\Rnode{virg1}{\\virgule}}& \\textcolor{red}{0}& \\textcolor{red}{0}& \\textcolor{red}{0}& \\textcolor{red}{0}& \\textcolor{red}{0}& \\textcolor{blue}{5}\\Rnode{virg0}{\\ }& \\textcolor{blue}{6}& & & & & ", 
                "\\ncline{->}{virg0}{virg1} \\\\", 
                " & & & & & & & & & & & {\\textcolor{red}{0}\\Rnode{virg1}{\\virgule}}& \\textcolor{red}{0}& \\textcolor{red}{0}& \\textcolor{red}{0}& \\textcolor{red}{0}& \\textcolor{blue}{5}& \\textcolor{blue}{2}\\Rnode{virg0}{\\ }& \\textcolor{blue}{9}& & ", 
                "\\ncline{->}{virg0}{virg1} \\\\", 
                " & & & & & {\\textcolor{red}{0}\\Rnode{virg1}{\\virgule}}& \\textcolor{red}{0}& \\textcolor{red}{0}& \\textcolor{red}{0}& \\textcolor{red}{0}& \\textcolor{blue}{3}& \\textcolor{blue}{5}\\Rnode{virg0}{\\ }& \\textcolor{blue}{4}& & & & & & & & ", 
                "\\ncline{->}{virg0}{virg1} \\\\", 
                " & & & & & & & & & & & & & \\textcolor{blue}{9}& \\textcolor{blue}{1}\\Rnode{virg0}{\\ }& \\textcolor{blue}{8}& \\textcolor{red}{0}& \\textcolor{red}{0}& \\textcolor{red}{0}& \\textcolor{red}{0}& {\\textcolor{red}{0}\\Rnode{virg1}{\\virgule}}", 
                "\\ncline{->}{virg0}{virg1} \\\\", 
                " & & & & & & & & & & & & & & {\\textcolor{red}{0}\\Rnode{virg1}{\\virgule}}& \\textcolor{red}{0}& \\textcolor{blue}{3}& \\textcolor{blue}{7}\\Rnode{virg0}{\\ }& \\textcolor{blue}{9}& & ", 
                "\\ncline{->}{virg0}{virg1} \\\\", 
                "\\end{tabular}", 
                "}"
            ], 
            "tex_statement": [
                "\\exercice", 
                "Effectuer les conversions suivantes :", 
                "\\begin{multicols}{3}\\noindent", 
                "\\begin{enumerate}", 
                "\\item $\\unit[86]{dam^3}=\\unit[\\dotfill]{hm^3}$", 
                "\\item $\\unit[5,6]{dm^3}=\\unit[\\dotfill]{dam^3}$", 
                "\\item $\\unit[52,9]{cm^3}=\\unit[\\dotfill]{m^3}$", 
                "\\item $\\unit[35,4]{m^3}=\\unit[\\dotfill]{hm^3}$", 
                "\\item $\\unit[91,8]{dm^3}=\\unit[\\dotfill]{mm^3}$", 
                "\\item $\\unit[37,9]{cm^3}=\\unit[\\dotfill]{dm^3}$", 
                "\\end{enumerate}", 
                "\\end{multicols}"
            ]
        }
    }, 
    "pyromaths.ex.sixiemes.decimaux.Placevirgule": {
        "0": {
            "tex_answer": [
                "\\exercice*", 
                "Placer une virgule (en ajoutant éventuellement des zéros) dans            le nombre 452378 de telle sorte que :", 
                "\\begin{enumerate}", 
                "\\item le chiffre 7 soit le chiffre des dizaines : ", 
                "452\\,378", 
                "\\item le chiffre 2 soit le chiffre des dixièmes : ", 
                "45,237\\,8", 
                "\\item le chiffre 8 soit le chiffre des unités : ", 
                "452\\,378", 
                "\\item le chiffre 5 soit le chiffre des millièmes : ", 
                "0,045\\,237\\,8", 
                "\\item le chiffre 3 soit le chiffre des milliers : ", 
                "4\\,523\\,780", 
                "\\item le chiffre 8 soit le chiffre des centièmes : ", 
                "4\\,523,78", 
                "\\end{enumerate}"
            ], 
            "tex_statement": [
                "\\exercice", 
                "Placer une virgule (en ajoutant éventuellement des zéros) dans            le nombre 452378 de telle sorte que :", 
                "\\begin{enumerate}", 
                "\\item le chiffre 7 soit le chiffre des dizaines : ", 
                "\\dotfill", 
                "\\item le chiffre 2 soit le chiffre des dixièmes : ", 
                "\\dotfill", 
                "\\item le chiffre 8 soit le chiffre des unités : ", 
                "\\dotfill", 
                "\\item le chiffre 5 soit le chiffre des millièmes : ", 
                "\\dotfill", 
                "\\item le chiffre 3 soit le chiffre des milliers : ", 
                "\\dotfill", 
                "\\item le chiffre 8 soit le chiffre des centièmes : ", 
                "\\dotfill", 
                "\\end{enumerate}"
            ]
        }
    }, 
    "pyromaths.ex.sixiemes.decimaux.TexUnits": {
        "0": {
            "tex_answer": [
                "\\exercice*", 
                "{", 
                "\\psset{nodesepA = -1.5mm, linewidth = 0.6pt, linestyle = dotted, vref = -0.8mm}", 
                "Effectuer les conversions suivantes :", 
                "\\begin{multicols}{2}\\noindent", 
                "\\begin{enumerate}", 
                "\\item 86~hm=8\\,600~m\\par", 
                "\\begin{tabular}{c|c|c|c|c|c|c}", 
                "km & hm & dam & m & dm & cm & mm \\\\ \\hline", 
                "8 & 6\\Rnode{virg0}{\\ }& 0& {0\\Rnode{virg1}{\\textcolor{red}{ \\LARGE ,}}}& 0& 0& 0", 
                "\\end{tabular}", 
                "\\ncline{->}{virg0}{virg1}", 
                "\\item 46,5~L=465~dL\\par", 
                "\\begin{tabular}{c|c|c|c|c|c}", 
                "hL & daL & L & dL & cL & mL \\\\ \\hline", 
                "0 & 4& 6\\Rnode{virg0}{\\ }& {5\\Rnode{virg1}{\\textcolor{red}{ \\LARGE ,}}}& 0& 0", 
                "\\end{tabular}", 
                "\\ncline{->}{virg0}{virg1}", 
                "\\item 91,7~dL=0,917~daL\\par", 
                "\\begin{tabular}{c|c|c|c|c|c}", 
                "hL & daL & L & dL & cL & mL \\\\ \\hline", 
                "0 & {0\\Rnode{virg1}{\\textcolor{red}{ \\LARGE ,}}}& 9& 1\\Rnode{virg0}{\\ }& 7& 0", 
                "\\end{tabular}", 
                "\\ncline{->}{virg0}{virg1}", 
                "\\item 91,8~cg=0,091\\,8~dag\\par", 
                "\\begin{tabular}{c|c|c|c|c|c|c}", 
                "kg & hg & dag & g & dg & cg & mg \\\\ \\hline", 
                "0 & 0& {0\\Rnode{virg1}{\\textcolor{red}{ \\LARGE ,}}}& 0& 9& 1\\Rnode{virg0}{\\ }& 8", 
                "\\end{tabular}", 
                "\\ncline{->}{virg0}{virg1}", 
                "\\item 75,7~dag=0,757~kg\\par", 
                "\\begin{tabular}{c|c|c|c|c|c|c}", 
                "kg & hg & dag & g & dg & cg & mg \\\\ \\hline", 
                "{0\\Rnode{virg1}{\\textcolor{red}{ \\LARGE ,}}} & 7& 5\\Rnode{virg0}{\\ }& 7& 0& 0& 0", 
                "\\end{tabular}", 
                "\\ncline{->}{virg0}{virg1}", 
                "\\item 49,1~cg=0,491~g\\par", 
                "\\begin{tabular}{c|c|c|c|c|c|c}", 
                "kg & hg & dag & g & dg & cg & mg \\\\ \\hline", 
                "0 & 0& 0& {0\\Rnode{virg1}{\\textcolor{red}{ \\LARGE ,}}}& 4& 9\\Rnode{virg0}{\\ }& 1", 
                "\\end{tabular}", 
                "\\ncline{->}{virg0}{virg1}", 
                "\\end{enumerate}", 
                "\\end{multicols}", 
                "{"
            ], 
            "tex_statement": [
                "\\exercice", 
                "Effectuer les conversions suivantes :", 
                "\\begin{multicols}{3}\\noindent", 
                "\\begin{enumerate}", 
                "\\item 86~hm=\\dotfill~m", 
                "\\item 46,5~L=\\dotfill~dL", 
                "\\item 91,7~dL=\\dotfill~daL", 
                "\\item 91,8~cg=\\dotfill~dag", 
                "\\item 75,7~dag=\\dotfill~kg", 
                "\\item 49,1~cg=\\dotfill~g", 
                "\\end{enumerate}", 
                "\\end{multicols}"
            ]
        }
    }, 
    "pyromaths.ex.sixiemes.droites.Droites": {}, 
    "pyromaths.ex.sixiemes.droites.Perpendiculaires": {}, 
    "pyromaths.ex.sixiemes.droites.Proprietes": {}, 
    "pyromaths.ex.sixiemes.espace.Main": {}, 
    "pyromaths.ex.sixiemes.fractions.Fractionpartage": {}, 
    "pyromaths.ex.sixiemes.fractions.Questionsabscisses": {}, 
    "pyromaths.ex.sixiemes.operations.Calculmental": {}, 
    "pyromaths.ex.sixiemes.operations.Operations": {}, 
    "pyromaths.ex.sixiemes.operations.Produitpuissancedix": {}, 
    "pyromaths.ex.sixiemes.quotients.Divisible": {}, 
    "pyromaths.ex.sixiemes.symetrie.Symetriequadrillage": {}, 
    "pyromaths.ex.troisiemes.affine.Affine": {}, 
    "pyromaths.ex.troisiemes.arithmetique.Arithmetique": {}, 
    "pyromaths.ex.troisiemes.developpements.IdRem": {}, 
    "pyromaths.ex.troisiemes.equations.TexEquations": {}, 
    "pyromaths.ex.troisiemes.factorisations.Factorisation": {}, 
    "pyromaths.ex.troisiemes.fractions.TexFractions": {}, 
    "pyromaths.ex.troisiemes.geometrie.TexReciproqueThales": {}, 
    "pyromaths.ex.troisiemes.geometrie.TexThales": {}, 
    "pyromaths.ex.troisiemes.geometrie.TexTrigo": {}, 
    "pyromaths.ex.troisiemes.notion_de_fonction.NotionFonction": {}, 
    "pyromaths.ex.troisiemes.pgcd.TexPgcd": {}, 
    "pyromaths.ex.troisiemes.proba.TexProba": {}, 
    "pyromaths.ex.troisiemes.puissances.TexPuissances": {}, 
    "pyromaths.ex.troisiemes.racines.TexRacines": {}, 
    "pyromaths.ex.troisiemes.systemes.TexSystemes": {}
}