{
    "Sd1FormeCanonique": {
        "0": {
            "tex_answer": [
                "\\exercice*", 
                "Donner la forme canonique des polynômes $P$ , $Q$ , $R$ et $S$ .", 
                "\\begin{align*}", 
                "P\\,(x) &= x^{2}-16\\,x+4 & Q\\,(x) &= x^{2}+7\\,x+8 & S\\,(x) &= 4\\,x^{2}-7\\,x-3\\\\", 
                " &= \\left( x-8\\right) ^{2}-8^{2}+4 &  &= \\left( x+\\dfrac{7}{2}\\right) ^{2}-\\left(  \\dfrac{7}{2} \\right) ^{2}+8 &  &= 4\\times \\left( x^{2}-\\dfrac{7}{4}\\,x-\\dfrac{3}{4}\\right) \\\\", 
                " &= \\left( x-8\\right) ^{2}+64+4 &  &= \\left( x+\\dfrac{7}{2}\\right) ^{2}+\\dfrac{-49}{4}+\\dfrac{8_{\\times 4}}{1_{\\times 4}} &  &= 4\\times \\left( \\left( x-\\dfrac{7}{8}\\right) ^{2}-\\left(  \\dfrac{7}{8} \\right) ^{2}+\\dfrac{-3}{4}\\right) \\\\", 
                "\\Aboxed{P\\,(x) &= \\left( x-8\\right) ^{2}+68} &  &= \\left( x+\\dfrac{7}{2}\\right) ^{2}+\\dfrac{-49}{4}+\\dfrac{32}{4} &  &= 4\\times \\left( \\left( x-\\dfrac{7}{8}\\right) ^{2}+\\dfrac{-49}{64}+\\dfrac{-3_{\\times 16}}{4_{\\times 16}}\\right) \\\\", 
                "R\\,(x) &= 25\\,x^{2}-60\\,x+36 & \\Aboxed{Q\\,(x) &= \\left( x+\\dfrac{7}{2}\\right) ^{2}+\\dfrac{-17}{4}} &  &= 4\\times \\left( \\left( x-\\dfrac{7}{8}\\right) ^{2}+\\dfrac{-49}{64}+\\dfrac{-48}{64}\\right) \\\\", 
                " &= \\left( 5\\,x-6\\right) ^{2} & &  &  &= 4\\times \\left( \\left( x-\\dfrac{7}{8}\\right) ^{2}+\\dfrac{-97}{64}\\right) \\\\", 
                " &= \\left( 5\\times \\left( x-\\dfrac{6}{5}\\right) \\right) ^{2} & &  &  &= 4\\times \\left( x-\\dfrac{7}{8}\\right) ^{2}+\\dfrac{-97\\times \\cancel{4}}{\\cancel{4}\\times 16}\\\\", 
                "\\Aboxed{R\\,(x) &= 25\\times \\left( x-\\dfrac{6}{5}\\right) ^{2}} & &  & \\Aboxed{S\\,(x) &= 4\\times \\left( x-\\dfrac{7}{8}\\right) ^{2}+\\dfrac{-97}{16}}\\\\", 
                "\\end{align*}"
            ], 
            "tex_statement": [
                "\\exercice", 
                "Donner la forme canonique des polynômes $P$ , $Q$ , $R$ et $S$ .", 
                "\\begin{align*}", 
                "P\\,(x) &= x^{2}-16\\,x+4 & Q\\,(x) &= x^{2}+7\\,x+8 & R\\,(x) &= 25\\,x^{2}-60\\,x+36 & S\\,(x) &= 4\\,x^{2}-7\\,x-3 \\\\ ", 
                "\\end{align*}"
            ]
        }
    }, 
    "Sd2aRacines": {
        "0": {
            "tex_answer": [
                "\\exercice*", 
                "Déterminer les racines des polynômes :\\par", 
                "\\begin{tabularx}{\\linewidth}[t]{XX}", 
                "{$\\! \\begin{aligned}", 
                "P\\,(x) &= 6\\,x^{2}+7\\,x\\\\", 
                "&=x\\times \\left( 6\\,x+7\\right) ", 
                "\\end{aligned}$}\\par", 
                "\\underline{Les racines de $P\\,(x)$ sont }\\fbox{$0$}\\underline{ et }\\fbox{$\\dfrac{-7}{6}$}", 
                "&", 
                "{$\\! \\begin{aligned}", 
                "R\\,(x) &= 4\\,x^{2}-64\\\\", 
                "&=\\left( \\sqrt{4}\\,x\\right) ^{2}-\\sqrt{64}^{2}\\\\\n&=\\left( \\sqrt{4}\\,x+\\sqrt{64}\\right) \\times \\left( \\sqrt{4}\\,x-\\sqrt{64}\\right) \\\\\n&=\\left( 2\\,x+8\\right) \\times \\left( 2\\,x-8\\right) ", 
                "\\end{aligned}$}\\par", 
                "\\underline{Les racines de $R\\,(x)$ sont }\\fbox{$-4$}\\underline{ et }\\fbox{$4$}", 
                "\\end{tabularx}\\par\\medskip", 
                "$Q\\,(x) = x^{2}+12\\,x-9\\quad$", 
                "On calcule le discriminant de $Q\\,(x)$ avec $a=1$, $b=12$ et $c=-9$ :\\par\\medskip", 
                "\\begin{tabularx}{\\linewidth}[t]{XXX}", 
                "{$\\! \\begin{aligned}", 
                "\\Delta &= 12^{2}-4\\times 1\\times \\left( -9\\right) \\\\", 
                "\\Delta &= 144-\\left( -36\\right) \\\\", 
                "\\Delta &= 180\\\\", 
                "\\end{aligned}$}", 
                "&", 
                "{$\\! \\begin{aligned}", 
                "x_1 &= \\dfrac{-12-\\sqrt{180}}{2\\times 1}\\\\", 
                "x_1 &= \\dfrac{-12-\\sqrt{36}\\times \\sqrt{5}}{2}\\\\", 
                "x_1 &= \\dfrac{\\left\\left(  -6-3\\,\\sqrt{5}\\right\\right)  \\times \\cancel{2}}{1\\times \\cancel{2}}\\\\", 
                "x_1 &= -6-3\\,\\sqrt{5}\\\\", 
                "\\end{aligned}$}", 
                "&", 
                "{$\\! \\begin{aligned}", 
                "x_2 &= \\dfrac{-12+\\sqrt{180}}{2\\times 1}\\\\", 
                "x_2 &= \\dfrac{-12+\\sqrt{36}\\times \\sqrt{5}}{2}\\\\", 
                "x_2 &= \\dfrac{\\left\\left(  -6+3\\,\\sqrt{5}\\right\\right)  \\times \\cancel{2}}{1\\times \\cancel{2}}\\\\", 
                "x_2 &= -6+3\\,\\sqrt{5}\\\\", 
                "\\end{aligned}$}", 
                "\\end{tabularx}\\par", 
                "\\underline{Les racines de $Q\\,(x)$ sont }\\fbox{$-6-3\\,\\sqrt{5}$}\\underline{ et }\\fbox{$-6+3\\,\\sqrt{5}$}"
            ], 
            "tex_statement": [
                "\\exercice", 
                "Déterminer les racines des polynômes :", 
                "\\begin{align*}", 
                "P\\,(x) &= 6\\,x^{2}+7\\,x & Q\\,(x) &= 12\\,x-9+x^{2} & R\\,(x) &= -64+4\\,x^{2}", 
                "\\end{align*}"
            ]
        }
    }
}