{
    "Vf1SensEtTableau": {
        "0": {
            "tex_answer": [
                "\\exercice*", 
                "\\begin{enumerate}", 
                "\\item la fonction $f$ est décroissante sur $[-5~;~-3]$ et $[-1~;~1]$ et $[2~;~5]$, croissante sur $[-3~;~-1]$ et $[1~;~2]$.", 
                "\\item", 
                "\\begin{tabular}[t]{ll}", 
                "\\begin{tikzpicture}[scale=1]", 
                "\\tkzTabInit[lgt=1.2,espcl=1.2]{$x$/1,$f\\,(x)$/3}{$-5$,$-3$,$-1$,$1$,$2$,$5$}", 
                "\\tkzTabVar{+/$4$,-/$0$,+/$3$,-/$1$,+/$2$,-/$-2$}", 
                "\\tkzTabVal{5}{6}{0.5}{\\scriptsize $3$}{$0$}", 
                "\\end{tikzpicture}", 
                "&", 
                "\\begin{tikzpicture}[scale=1]", 
                "\\tkzTabInit[lgt=1.2,espcl=1.2]{$x$/1,$g\\,(x)$/3}{$-5$,$-2$,$0$,$1$,$3$,$5$}", 
                "\\tkzTabVar{+/$4$,+/$4$,-/$1$,+/$2$,-/$-4$,+/$-1$}", 
                "\\tkzTabVal{4}{5}{0.5}{\\scriptsize $2$}{$0$}", 
                "\\end{tikzpicture}", 
                "\\end{tabular}", 
                "\\end{enumerate}"
            ], 
            "tex_statement": [
                "\\exercice", 
                "\\begin{enumerate}", 
                "\\item Quel est le sens de variation de la fonction $f$ ? Répondre par une phrase en précisant les intervalles.", 
                "\\item Tracer les tableaux de variation des fonctions $f$ et $g$.", 
                "\\end{enumerate}", 
                "\\begin{center}", 
                "\\begin{asy}\n import graph;\n import interpolate;\n unitsize(5mm);", 
                "defaultpen(fontsize(9pt));", 
                "real[] xpt,ypt;", 
                "real [] xpt={-5,-4,-3,-2,-1,00,01,02,03,04,05};", 
                "real [] ypt={04,02,00,02,03,02,01,02,00,-1,-2};", 
                "xlimits(-6.2, 6.2);", 
                "ylimits(-5.2, 5.2);", 
                "xaxis(axis=BottomTop, p=invisible,", 
                "ticks=Ticks(format=\"%%\", Step=1, extend=true,", 
                "pTick=gray+.5, ptick=dotted)", 
                ");", 
                "yaxis(axis=LeftRight, p=invisible,", 
                "ticks=Ticks(format=\"%%\", Step=1, extend=true,", 
                "pTick=gray+.5, ptick=dotted)", 
                ");", 
                "xequals(L=\"$y$\", 0, extend=false, arrow=Arrow(HookHead, size=9pt), p=black+1,", 
                "ticks=Ticks(scale(.7)*Label(filltype=Fill(white)), Step=1, Size=3pt,", 
                "end=false, endlabel=false, beginlabel=false, NoZero));", 
                "yequals(L=\"$x$\", 0, extend=false, arrow=Arrow(HookHead, size=9pt), p=black+1,", 
                "ticks=Ticks(scale(.7)*Label(filltype=Fill(white)), Step=1, Size=3pt,", 
                "end=false, endlabel=false, beginlabel=false, NoZero));", 
                "draw(graph(xpt,ypt,Hermite(monotonic)),brown+1.5);", 
                "labelx(L=scale(.7)*\"$0$\", (0,0), align=SW);", 
                "label(L=\"$\\mathcal{C}_f$\", (-5,4), align=SW);", 
                "\\end{asy}", 
                "\\kern1cm", 
                "\\begin{asy}\n import graph;\n import interpolate;\n unitsize(5mm);", 
                "defaultpen(fontsize(9pt));", 
                "real[] xpt,ypt;", 
                "real [] xpt={-5,-4,-3,-2,-1,00,01,02,03,04,05};", 
                "real [] ypt={04,04,04,04,03,01,02,00,-4,-2,-1};", 
                "xlimits(-6.2, 6.2);", 
                "ylimits(-5.2, 5.2);", 
                "xaxis(axis=BottomTop, p=invisible,", 
                "ticks=Ticks(format=\"%%\", Step=1, extend=true,", 
                "pTick=gray+.5, ptick=dotted)", 
                ");", 
                "yaxis(axis=LeftRight, p=invisible,", 
                "ticks=Ticks(format=\"%%\", Step=1, extend=true,", 
                "pTick=gray+.5, ptick=dotted)", 
                ");", 
                "xequals(L=\"$y$\", 0, extend=false, arrow=Arrow(HookHead, size=9pt), p=black+1,", 
                "ticks=Ticks(scale(.7)*Label(filltype=Fill(white)), Step=1, Size=3pt,", 
                "end=false, endlabel=false, beginlabel=false, NoZero));", 
                "yequals(L=\"$x$\", 0, extend=false, arrow=Arrow(HookHead, size=9pt), p=black+1,", 
                "ticks=Ticks(scale(.7)*Label(filltype=Fill(white)), Step=1, Size=3pt,", 
                "end=false, endlabel=false, beginlabel=false, NoZero));", 
                "draw(graph(xpt,ypt,Hermite(monotonic)),brown+1.5);", 
                "labelx(L=scale(.7)*\"$0$\", (0,0), align=SW);", 
                "label(L=\"$\\mathcal{C}_g$\", (-5,4), align=SE);", 
                "\\end{asy}", 
                "\\end{center}"
            ]
        }
    }, 
    "Vf2ExtremaGraphiques": {
        "0": {
            "tex_answer": [
                "\\exercice*", 
                "\\begin{enumerate}", 
                "\\item ", 
                "\\begin{itemize}[leftmargin=*]", 
                "\\item Sur $[-5~;~5]$ , le \\textbf{maximum} de $f$ est $y = 4$. Il est \\textbf{atteint en} $x = -5$.", 
                "\\item Sur $[-5~;~5]$ , le \\textbf{minimum} de $f$ est $y = -2$. Il est \\textbf{atteint en} $x = 5$.", 
                "\\end{itemize}", 
                "\\item Sur $[0~;~3]$, le \\textbf{minimum} de $f$ est $y = 0$. Il est \\textbf{atteint en} $x = 3$. ", 
                "\\item ", 
                "\\begin{itemize}[leftmargin=*]", 
                "\\item Sur $[-5~;~5]$ , le \\textbf{maximum} de $g$ est $y = 4$. Il est \\textbf{atteint en} $x = -5$.", 
                "\\item Sur $[-5~;~5]$ , le \\textbf{minimum} de $g$ est $y = -4$. Il est \\textbf{atteint en} $x = 3$.", 
                "\\end{itemize}", 
                "\\item ", 
                "\\begin{itemize}[leftmargin=*]", 
                "\\item Sur $[-3~;~2]$ , le \\textbf{maximum} de $g$ est $y = 4$. Il est \\textbf{atteint en} $x = -3$.", 
                "\\item Sur $[-3~;~2]$ , le \\textbf{minimum} de $g$ est $y = 0$. Il est \\textbf{atteint en} $x = 2$.", 
                "\\end{itemize}", 
                "\\end{enumerate}"
            ], 
            "tex_statement": [
                "\\exercice", 
                "\\begin{multicols}{2}", 
                "\\begin{enumerate}", 
                "\\item Quels sont les extrema de la fonction $f$ ?", 
                "\\item Quel est le minimum de $f$ sur l'intervalle $[0~;~3]$ ?", 
                "\\item Quels sont les extrema de la fonction $g$ ?", 
                "\\item Quels sont les extrema de $g$ sur l'intervalle $[-3~;~2]$ ?", 
                "\\end{enumerate}", 
                "\\end{multicols}", 
                "\\begin{center}", 
                "\\begin{asy}\n import graph;\n import interpolate;\n unitsize(5mm);", 
                "defaultpen(fontsize(9pt));", 
                "real[] xpt,ypt;", 
                "real [] xpt={-5,-4,-3,-2,-1,00,01,02,03,04,05};", 
                "real [] ypt={04,02,00,02,03,02,01,02,00,-1,-2};", 
                "xlimits(-6.2, 6.2);", 
                "ylimits(-5.2, 5.2);", 
                "xaxis(axis=BottomTop, p=invisible,", 
                "ticks=Ticks(format=\"%%\", Step=1, extend=true,", 
                "pTick=gray+.5, ptick=dotted)", 
                ");", 
                "yaxis(axis=LeftRight, p=invisible,", 
                "ticks=Ticks(format=\"%%\", Step=1, extend=true,", 
                "pTick=gray+.5, ptick=dotted)", 
                ");", 
                "xequals(L=\"$y$\", 0, extend=false, arrow=Arrow(HookHead, size=9pt), p=black+1,", 
                "ticks=Ticks(scale(.7)*Label(filltype=Fill(white)), Step=1, Size=3pt,", 
                "end=false, endlabel=false, beginlabel=false, NoZero));", 
                "yequals(L=\"$x$\", 0, extend=false, arrow=Arrow(HookHead, size=9pt), p=black+1,", 
                "ticks=Ticks(scale(.7)*Label(filltype=Fill(white)), Step=1, Size=3pt,", 
                "end=false, endlabel=false, beginlabel=false, NoZero));", 
                "draw(graph(xpt,ypt,Hermite(monotonic)),brown+1.5);", 
                "labelx(L=scale(.7)*\"$0$\", (0,0), align=SW);", 
                "label(L=\"$\\mathcal{C}_f$\", (-5,4), align=SW);", 
                "\\end{asy}", 
                "\\kern1cm", 
                "\\begin{asy}\n import graph;\n import interpolate;\n unitsize(5mm);", 
                "defaultpen(fontsize(9pt));", 
                "real[] xpt,ypt;", 
                "real [] xpt={-5,-4,-3,-2,-1,00,01,02,03,04,05};", 
                "real [] ypt={04,04,04,04,03,01,02,00,-4,-2,-1};", 
                "xlimits(-6.2, 6.2);", 
                "ylimits(-5.2, 5.2);", 
                "xaxis(axis=BottomTop, p=invisible,", 
                "ticks=Ticks(format=\"%%\", Step=1, extend=true,", 
                "pTick=gray+.5, ptick=dotted)", 
                ");", 
                "yaxis(axis=LeftRight, p=invisible,", 
                "ticks=Ticks(format=\"%%\", Step=1, extend=true,", 
                "pTick=gray+.5, ptick=dotted)", 
                ");", 
                "xequals(L=\"$y$\", 0, extend=false, arrow=Arrow(HookHead, size=9pt), p=black+1,", 
                "ticks=Ticks(scale(.7)*Label(filltype=Fill(white)), Step=1, Size=3pt,", 
                "end=false, endlabel=false, beginlabel=false, NoZero));", 
                "yequals(L=\"$x$\", 0, extend=false, arrow=Arrow(HookHead, size=9pt), p=black+1,", 
                "ticks=Ticks(scale(.7)*Label(filltype=Fill(white)), Step=1, Size=3pt,", 
                "end=false, endlabel=false, beginlabel=false, NoZero));", 
                "draw(graph(xpt,ypt,Hermite(monotonic)),brown+1.5);", 
                "labelx(L=scale(.7)*\"$0$\", (0,0), align=SW);", 
                "label(L=\"$\\mathcal{C}_g$\", (-5,4), align=SE);", 
                "\\end{asy}", 
                "\\end{center}"
            ]
        }
    }, 
    "Vf3VariationVersCourbe": {
        "0": {
            "tex_answer": [
                "\\exercice*", 
                "\\begin{enumerate}", 
                "\\item", 
                "\\begin{enumerate}", 
                "\\item La fonction $f$ est \\textbf{négative} sur  et \\textbf{positive} sur $[-5~;~3]$.", 
                "\\item", 
                "\\begin{itemize}[leftmargin=*]", 
                "\\item Sur $[-5~;~5]$ , le \\textbf{maximum} de $g$ est $y = 4$. Il est \\textbf{atteint en} $x = -5$.", 
                "\\item Sur $[-5~;~5]$ , le \\textbf{minimum} de $g$ est $y = -4$. Il est \\textbf{atteint en} $x = 3$.", 
                "\\end{itemize}", 
                "\\end{enumerate}", 
                "\\item", 
                "\\begin{center}", 
                "\\begin{tabular}[t]{cc}", 
                "\\begin{adjustbox}{valign=t}", 
                "\\begin{asy}\n import graph;\n import interpolate;\n unitsize(5mm);", 
                "defaultpen(fontsize(9pt));", 
                "real[] xpt,ypt;", 
                "real [] xpt={-5,-3,-1,01,02,03,05};", 
                "real [] ypt={04,00,03,01,02,00,-2};", 
                "xlimits(-6.2, 6.2);", 
                "ylimits(-5.2, 5.2);", 
                "xaxis(axis=BottomTop, p=invisible,", 
                "ticks=Ticks(format=\"%%\", Step=1, extend=true,", 
                "pTick=gray+.5, ptick=dotted)", 
                ");", 
                "yaxis(axis=LeftRight, p=invisible,", 
                "ticks=Ticks(format=\"%%\", Step=1, extend=true,", 
                "pTick=gray+.5, ptick=dotted)", 
                ");", 
                "xequals(L=\"$y$\", 0, extend=false, arrow=Arrow(HookHead, size=9pt), p=black+1,", 
                "ticks=Ticks(scale(.7)*Label(filltype=Fill(white)), Step=1, Size=3pt,", 
                "end=false, endlabel=false, beginlabel=false, NoZero));", 
                "yequals(L=\"$x$\", 0, extend=false, arrow=Arrow(HookHead, size=9pt), p=black+1,", 
                "ticks=Ticks(scale(.7)*Label(filltype=Fill(white)), Step=1, Size=3pt,", 
                "end=false, endlabel=false, beginlabel=false, NoZero));", 
                "draw(graph(xpt,ypt,Hermite(monotonic)),brown+1.5);", 
                "labelx(L=scale(.7)*\"$0$\", (0,0), align=SW);", 
                "label(L=\"$\\mathcal{C}_f$\", (-5,4), align=SW);", 
                "\\end{asy}", 
                "\\end{adjustbox}", 
                "&", 
                "\\begin{adjustbox}{valign=t}", 
                "\\begin{asy}\n import graph;\n import interpolate;\n unitsize(5mm);", 
                "defaultpen(fontsize(9pt));", 
                "real[] xpt,ypt;", 
                "real [] xpt={-5,-2,00,01,02,03,05};", 
                "real [] ypt={04,04,01,02,00,-4,-1};", 
                "xlimits(-6.2, 6.2);", 
                "ylimits(-5.2, 5.2);", 
                "xaxis(axis=BottomTop, p=invisible,", 
                "ticks=Ticks(format=\"%%\", Step=1, extend=true,", 
                "pTick=gray+.5, ptick=dotted)", 
                ");", 
                "yaxis(axis=LeftRight, p=invisible,", 
                "ticks=Ticks(format=\"%%\", Step=1, extend=true,", 
                "pTick=gray+.5, ptick=dotted)", 
                ");", 
                "xequals(L=\"$y$\", 0, extend=false, arrow=Arrow(HookHead, size=9pt), p=black+1,", 
                "ticks=Ticks(scale(.7)*Label(filltype=Fill(white)), Step=1, Size=3pt,", 
                "end=false, endlabel=false, beginlabel=false, NoZero));", 
                "yequals(L=\"$x$\", 0, extend=false, arrow=Arrow(HookHead, size=9pt), p=black+1,", 
                "ticks=Ticks(scale(.7)*Label(filltype=Fill(white)), Step=1, Size=3pt,", 
                "end=false, endlabel=false, beginlabel=false, NoZero));", 
                "draw(graph(xpt,ypt,Hermite(monotonic)),brown+1.5);", 
                "labelx(L=scale(.7)*\"$0$\", (0,0), align=SW);", 
                "label(L=\"$\\mathcal{C}_g$\", (-5,4), align=SE);", 
                "\\end{asy}", 
                "\\end{adjustbox}", 
                "\\end{tabular}", 
                "\\end{center}", 
                "\\end{enumerate}"
            ], 
            "tex_statement": [
                "\\exercice", 
                "\\begin{enumerate}", 
                "\\item Pour chaque question, répondre avec une phrase en précisant les intervalles.\\vspace{-2ex}", 
                "\\begin{multicols}{2}", 
                "\\begin{enumerate}", 
                "\\item Quel est le signe de la fonction $f$ ?", 
                "\\item Quels sont les extrema de la fonction $g$ ?", 
                "\\end{enumerate}", 
                "\\end{multicols}", 
                "\\item Tracer une représentation graphique de $f$ et $g$ sur leurs ensembles de définition.", 
                "\\end{enumerate}", 
                "\\begin{center}", 
                "\\begin{tabular}[t]{ll}", 
                "\\begin{tikzpicture}[scale=1]", 
                "\\tkzTabInit[lgt=1.2,espcl=1.2]{$x$/1,$f\\,(x)$/3}{$-5$,$-3$,$-1$,$1$,$2$,$5$}", 
                "\\tkzTabVar{+/$4$,-/$0$,+/$3$,-/$1$,+/$2$,-/$-2$}", 
                "\\tkzTabVal{5}{6}{0.5}{\\scriptsize $3$}{$0$}", 
                "\\end{tikzpicture}", 
                "&", 
                "\\begin{tikzpicture}[scale=1]", 
                "\\tkzTabInit[lgt=1.2,espcl=1.2]{$x$/1,$g\\,(x)$/3}{$-5$,$-2$,$0$,$1$,$3$,$5$}", 
                "\\tkzTabVar{+/$4$,+/$4$,-/$1$,+/$2$,-/$-4$,+/$-1$}", 
                "\\tkzTabVal{4}{5}{0.5}{\\scriptsize $2$}{$0$}", 
                "\\end{tikzpicture}", 
                "\\end{tabular}", 
                "\\end{center}"
            ]
        }
    }, 
    "Vf4ComparerImages": {
        "0": {
            "tex_answer": [
                "\\exercice*", 
                "\\begin{enumerate}", 
                "\\item", 
                "\\begin{enumerate}", 
                "\\item $f\\,(-4{,}9) > f\\,(-4{,}4)$ car $-4{,}9 < -4{,}4$ et $f$ est décroissante sur $[-5~;~-4]$.", 
                "\\item $f\\,(4{,}2) < f\\,(4{,}6)$ car $4{,}2 < 4{,}6$ et $f$ est croissante sur $[4~;~5]$.", 
                "\\item $f\\,(1{,}2) = f\\,(1{,}6)$ car $1{,}2 < 1{,}6$ et $f$ est constante sur $[1~;~2]$.", 
                "\\end{enumerate}", 
                "\\item On ne peut pas comparer $f\\,(-0{,}4)$ et $f\\,(2{,}3)$ car la fonction $f$ n'est pas monotone (elle change de sens de variation) sur $[-0{,}4~;~2{,}3]$.", 
                "\\item $f\\,(4{,}8) > f\\,(-4{,}5)$ car d’après le signe de la fonction $f\\,(4{,}8) > 0$ et $f\\,(-4{,}5) < 0$ (par contre, on ne peut pas utiliser le sens de variation qui change sur l’intervalle $[-4{,}5~;~4{,}8]$).", 
                "\\end{enumerate}"
            ], 
            "tex_statement": [
                "\\exercice", 
                "\\begin{enumerate}", 
                "\\item À partir du tableau de variation ci-dessous, recopier et compléter les égalités ou inégalités suivantes en justifiant :\\vspace{-2ex}", 
                "\\begin{multicols}{3}", 
                "\\begin{enumerate}", 
                "\\item $f\\,(-4{,}9) \\ldots{} f\\,(-4{,}4)$", 
                "\\item $f\\,(4{,}2) \\ldots{} f\\,(4{,}6)$", 
                "\\item $f\\,(1{,}2) \\ldots{} f\\,(1{,}6)$", 
                "\\end{enumerate}\\vspace{-2ex}", 
                "\\end{multicols}", 
                "\\item Peut-on comparer l’image des nombres $-0,4$ et $2,3$ ? Justifier.", 
                "\\item Peut-on comparer l’image des nombres $4,8$ et $-4,5$ ? Justifier.", 
                "\\end{enumerate}", 
                "\\begin{center}", 
                "\\begin{tikzpicture}[scale=1]", 
                "\\tkzTabInit[lgt=1.2,espcl=2]{$x$/1,$f\\,(x)$/3}{$-5$,$-4$,$1$,$2$,$4$,$5$}", 
                "\\tkzTabVar{+/$-3$,-/$-4$,+/$5$,+/$5$,-/$0$,+/$1$}", 
                "\\tkzTabVal{2}{3}{0.5}{\\scriptsize $-2$}{$0$}", 
                "\\end{tikzpicture}", 
                "\\end{center}"
            ]
        }
    }, 
    "Vf5Extrema_Tableau": {
        "0": {
            "tex_answer": [
                "\\exercice*", 
                "\\begin{enumerate}", 
                "\\item", 
                "\\begin{multicols}{2}", 
                "\\begin{enumerate}", 
                "\\item Pour $x \\in [-9~;~4],\\quad f\\,(x) \\ge -6$", 
                "\\item Pour $x \\in [-9~;~4],\\quad f\\,(x) \\le 3$", 
                "\\item Pour $x \\in [-8{,}3~;~-5{,}2],\\quad f\\,(x) \\ge -4$", 
                "\\end{enumerate}", 
                "\\end{multicols}", 
                "\\item", 
                "\\begin{enumerate}", 
                "\\item Sur $[-9~;~4],\\quad -6 \\le f\\,(x) \\le 3$.", 
                "\\item Sur $[-8{,}6~;~-5{,}2],\\quad -4 \\le f\\,(x) \\le -3$.", 
                "\\end{enumerate}", 
                "\\end{enumerate}"
            ], 
            "tex_statement": [
                "\\exercice", 
                "\\begin{enumerate}", 
                "\\item À partir du tableau de variation de la fonction $f$, compléter les égalités ou inégalités suivantes :\\vspace{-2ex}", 
                "\\begin{multicols}{2}", 
                "\\begin{enumerate}", 
                "\\item Pour $x \\in [-9~;~4],\\quad f\\,(x) \\ge \\ldots{}$", 
                "\\item Pour $x \\in [-9~;~4],\\quad f\\,(x) \\le \\ldots{}$", 
                "\\item Pour $x \\in [-8{,}3~;~-5{,}2],\\quad f\\,(x) \\ge \\ldots{}$", 
                "\\end{enumerate}", 
                "\\end{multicols}", 
                "\\item", 
                "\\begin{enumerate}", 
                "\\item Donner un encadrement de la fonction $f$ sur l’intervalle $[-9~;~4]$.", 
                "\\item Donner un encadrement de la fonction $f$ sur l’intervalle $[-8{,}6~;~-5{,}2]$.", 
                "\\end{enumerate}", 
                "\\end{enumerate}", 
                "\\begin{center}", 
                "\\begin{tikzpicture}[scale=1]", 
                "\\tkzTabInit[lgt=1.2,espcl=2]{$x$/1,$f\\,(x)$/3}{$-9$,$-8$,$-5$,$-3$,$3$,$4$}", 
                "\\tkzTabVar{+/$-3$,+/ \\raisebox{-2.7cm}{}\\raisebox{-1.5cm}{$-4$},+/ \\raisebox{-2.7cm}{}\\raisebox{-1.5cm}{$-4$},-/$-6$,+/$3$,-/$1$}", 
                "\\tkzTabVal{4}{5}{0.5}{\\scriptsize $1$}{$0$}", 
                "\\end{tikzpicture}", 
                "\\end{center}"
            ]
        }
    }
}